#
# A fatal error has been detected by the Java Runtime Environment:
#
#  EXCEPTION_ACCESS_VIOLATION (0xc0000005) at pc=0x00007ffe402cb741, pid=12516, tid=13808
#
# JRE version: OpenJDK Runtime Environment (24.0.1+9) (build 24.0.1+9-30)
# Java VM: OpenJDK 64-Bit Server VM (24.0.1+9-30, mixed mode, sharing, tiered, compressed oops, compressed class ptrs, g1 gc, windows-amd64)
# Problematic frame:
# C  [awt.dll+0xdb741]
#
# No core dump will be written. Minidumps are not enabled by default on client versions of Windows
#
# If you would like to submit a bug report, please visit:
#   https://bugreport.java.com/bugreport/crash.jsp
# The crash happened outside the Java Virtual Machine in native code.
# See problematic frame for where to report the bug.
#

---------------  S U M M A R Y ------------

Command Line: -javaagent:C:\Program Files\JetBrains\IntelliJ IDEA 2024.3.2.1\lib\idea_rt.jar=60606:C:\Program Files\JetBrains\IntelliJ IDEA 2024.3.2.1\bin -Dfile.encoding=UTF-8 -Dsun.stdout.encoding=UTF-8 -Dsun.stderr.encoding=UTF-8 org.main.Gui

Host: 11th Gen Intel(R) Core(TM) i7-1165G7 @ 2.80GHz, 8 cores, 31G,  Windows 11 , 64 bit Build 26100 (10.0.26100.4202)
Time: Tue Jul  1 17:54:36 2025 Central America Standard Time elapsed time: 1282.391551 seconds (0d 0h 21m 22s)

---------------  T H R E A D  ---------------

Current thread (0x0000020fe68c6bb0):  JavaThread "AWT-Windows" daemon [_thread_in_native, id=13808, stack(0x000000798f600000,0x000000798f700000) (1024K)]

Stack: [0x000000798f600000,0x000000798f700000],  sp=0x000000798f6fec30,  free space=1019k
Native frames: (J=compiled Java code, j=interpreted, Vv=VM code, C=native code)
C  [awt.dll+0xdb741]  (no source info available)
C  [awt.dll+0x9768c]  (no source info available)
C  [awt.dll+0x97736]  (no source info available)
C  [awt.dll+0x94b06]  (no source info available)
C  [awt.dll+0xdfb2c]  (no source info available)
C  [awt.dll+0xb0b5d]  (no source info available)
C  [awt.dll+0x97c6d]  (no source info available)
C  [USER32.dll+0xd159]  (no source info available)
C  [USER32.dll+0xcc6f]  (no source info available)
C  [awt.dll+0x16273]  (no source info available)
C  [COMCTL32.dll+0x23a08]  (no source info available)
C  [COMCTL32.dll+0x237df]  (no source info available)
C  [USER32.dll+0xd159]  (no source info available)
C  [USER32.dll+0xb152]  (no source info available)
C  [awt.dll+0xd4d8e]  (no source info available)
C  [awt.dll+0xd6b82]  (no source info available)
C  0x0000020fd201cf40  (no source info available)

The last pc belongs to native method entry point (kind = native) (printed below).
Java frames: (J=compiled Java code, j=interpreted, Vv=VM code)
j  sun.awt.windows.WToolkit.eventLoop()V+0 java.desktop@24.0.1
j  sun.awt.windows.WToolkit.run()V+56 java.desktop@24.0.1
j  java.lang.Thread.runWith(Ljava/lang/Object;Ljava/lang/Runnable;)V+5 java.base@24.0.1
j  java.lang.Thread.run()V+19 java.base@24.0.1
v  ~StubRoutines::call_stub 0x0000020fd2010fcd

siginfo: EXCEPTION_ACCESS_VIOLATION (0xc0000005), reading address 0x0000000000000008


Registers:
RAX=0x0000000000000000, RBX=0x0000020fe69d6400, RCX=0x0000000000000000, RDX=0x0000000000000000
RSP=0x000000798f6fec30, RBP=0x000000798f6fed39, RSI=0xffffffff8d0113ef, RDI=0x0000000000000000
R8 =0x0000000000000001, R9 =0x000000798dbc1000, R10=0x0000000000000000, R11=0x0000000000000246
R12=0x0000000000000000, R13=0x0000000000000310, R14=0x0000000000000000, R15=0x0000000000000000
RIP=0x00007ffe402cb741, EFLAGS=0x0000000000010246

XMM[0]=0x0000000000000000 0x0000000000000000
XMM[1]=0x0000000000000000 0x0000000000000000
XMM[2]=0x0000000000000000 0x0000000000000000
XMM[3]=0x0000000000000000 0x0000000000000000
XMM[4]=0x0000000000000000 0x0000000000000000
XMM[5]=0x0000000000000000 0x0000000000000000
XMM[6]=0x0000000000000000 0x0000000000000000
XMM[7]=0x0000000000000000 0x0000000000000000
XMM[8]=0x0000000000000000 0x0000000000000000
XMM[9]=0x0000000000000000 0x0000000000000000
XMM[10]=0x0000000000000000 0x0000000000000000
XMM[11]=0x0000000000000000 0x0000000000000000
XMM[12]=0x0000000000000000 0x0000000000000000
XMM[13]=0x0000000000000000 0x0000000000000000
XMM[14]=0x0000000000000000 0x0000000000000000
XMM[15]=0x0000000000000000 0x0000000000000000
  MXCSR=0x00001fa0


Register to memory mapping:

RAX=0x0 is null
RBX=0x0000020fe69d6400 points into unknown readable memory: 0x000002102e43cfd0 | d0 cf 43 2e 10 02 00 00
RCX=0x0 is null
RDX=0x0 is null
RSP=0x000000798f6fec30 is pointing into the stack for thread: 0x0000020fe68c6bb0
RBP=0x000000798f6fed39 is pointing into the stack for thread: 0x0000020fe68c6bb0
RSI=0xffffffff8d0113ef is an unknown value
RDI=0x0 is null
R8 =0x0000000000000001 is an unknown value
R9 =0x000000798dbc1000 points into unknown readable memory: 0x0000000000000000 | 00 00 00 00 00 00 00 00
R10=0x0 is null
R11=0x0000000000000246 is an unknown value
R12=0x0 is null
R13=0x0000000000000310 is an unknown value
R14=0x0 is null
R15=0x0 is null

Top of Stack: (sp=0x000000798f6fec30)
0x000000798f6fec30:   00007ffe40327838 ffffffff8d0113ef   8x2@............
0x000000798f6fec40:   0000000000000000 0000000000000000   ................
0x000000798f6fec50:   0000000000000000 00007ffe4028768c   .........v(@....
0x000000798f6fec60:   ffffffff8d0113ef 000002102c712950   ........P)q,....
0x000000798f6fec70:   0000020fe69d6400 0000000000000000   .d..............
0x000000798f6fec80:   0000000000000000 00007ffe40287736   ........6w(@....
0x000000798f6fec90:   000002102c712950 00007ffe401f0000   P)q,.......@....
0x000000798f6feca0:   000000798f6fed98 00007ffec3fc3a08   ..o.y....:......
0x000000798f6fecb0:   0000000000000000 00007ffe40284b06   .........K(@....
0x000000798f6fecc0:   000002102c712950 0000000000000000   P)q,............
0x000000798f6fecd0:   00007ffe40287c10 00007ffef8c6c8ae   .|(@............
0x000000798f6fece0:   0000000000000000 000000000000c24a   ........J.......
0x000000798f6fecf0:   000000798f6fed90 0000000000000001   ..o.y...........
0x000000798f6fed00:   0000000000000000 000000798f6fed98   ..........o.y...
0x000000798f6fed10:   0000000000000000 0000000000000000   ................
0x000000798f6fed20:   0000000000000000 0000020fe68c6f78   ........xo......
0x000000798f6fed30:   000002102c7129f0 0000000000000000   .)q,............
0x000000798f6fed40:   0000000000000000 00008217ffa47c69   ........i|......
0x000000798f6fed50:   0000000000000000 0000000000000000   ................
0x000000798f6fed60:   0000000000000000 0000000000000000   ................
0x000000798f6fed70:   0000000000000000 0000000000000310   ................
0x000000798f6fed80:   0000000000000000 000002102c712950   ........P)q,....
0x000000798f6fed90:   000002102c712950 00007ffe402cfb2c   P)q,....,.,@....
0x000000798f6feda0:   0000000000000000 000084706a9e211a   .........!.jp...
0x000000798f6fedb0:   0000eb107179da87 0000000000000022   ..yq....".......
0x000000798f6fedc0:   000000000000c24a 0000000000000000   J...............
0x000000798f6fedd0:   0000000000000000 00007ffef6c6d328   ........(.......
0x000000798f6fede0:   0000000000000000 0000000000000001   ................
0x000000798f6fedf0:   0000000000000022 00007ffef8cd31cf   "........1......
0x000000798f6fee00:   0000000000000310 00007ffef6c6c8ca   ................
0x000000798f6fee10:   ffffffffffffffeb 00008217ffa47d09   .........}......
0x000000798f6fee20:   0000020fc04fc1b0 0000000000000000   ..O.............

Instructions: (pc=0x00007ffe402cb741)
  0x00007ffe402cb641:   83 ec 28 66 0f 6e c2 0f 5b c0 f3 0f 59 41 48 0f
  0x00007ffe402cb651:   5a c8 f2 0f 10 05 1d 35 03 00 f2 0f 5c 0d a5 35
  0x00007ffe402cb661:   01 00 66 0f 2f c1 76 0a b8 00 00 00 80 48 83 c4
  0x00007ffe402cb671:   28 c3 66 0f 2f 0d 25 7f 02 00 76 0a b8 ff ff ff
  0x00007ffe402cb681:   7f 48 83 c4 28 c3 0f 28 c1 e8 af fb 00 00 f2 0f
  0x00007ffe402cb691:   2c c0 48 83 c4 28 c3 cc cc cc cc cc cc cc cc 48
  0x00007ffe402cb6a1:   83 ec 28 66 0f 6e c2 0f 5b c0 f3 0f 59 41 4c 0f
  0x00007ffe402cb6b1:   5a c8 f2 0f 10 05 bd 34 03 00 f2 0f 5c 0d 45 35
  0x00007ffe402cb6c1:   01 00 66 0f 2f c1 76 0a b8 00 00 00 80 48 83 c4
  0x00007ffe402cb6d1:   28 c3 66 0f 2f 0d c5 7e 02 00 76 0a b8 ff ff ff
  0x00007ffe402cb6e1:   7f 48 83 c4 28 c3 0f 28 c1 e8 4f fb 00 00 f2 0f
  0x00007ffe402cb6f1:   2c c0 48 83 c4 28 c3 cc cc cc cc cc cc cc cc 48
  0x00007ffe402cb701:   8b 49 08 48 85 c9 0f 85 93 81 fe ff 33 c0 c3 48
  0x00007ffe402cb711:   89 5c 24 08 48 89 74 24 10 57 48 83 ec 20 8b fa
  0x00007ffe402cb721:   48 8b f1 e8 27 c6 f4 ff 48 8b d8 48 89 44 24 40
  0x00007ffe402cb731:   41 b8 01 00 00 00 8b d7 48 8b c8 e8 8f c5 f4 ff
=>0x00007ffe402cb741:   48 8b 48 08 48 85 c9 74 0d 48 8b d6 e8 4e 81 fe
  0x00007ffe402cb751:   ff 48 8b f8 eb 02 33 ff 48 8b cb e8 af c7 f4 ff
  0x00007ffe402cb761:   90 48 8b c7 48 8b 5c 24 30 48 8b 74 24 38 48 83
  0x00007ffe402cb771:   c4 20 5f c3 cc cc cc cc cc cc cc cc cc cc cc 48
  0x00007ffe402cb781:   8b 01 89 10 c3 cc cc cc cc cc cc cc cc cc cc 40
  0x00007ffe402cb791:   57 48 83 ec 40 48 83 79 38 00 48 8b f9 0f 84 96
  0x00007ffe402cb7a1:   01 00 00 48 8b 0d 45 86 06 00 ba 02 00 01 00 48
  0x00007ffe402cb7b1:   89 5c 24 58 48 89 74 24 68 e8 50 c5 00 00 4c 8b
  0x00007ffe402cb7c1:   05 72 8b 06 00 48 8b c8 48 8b 57 38 48 8b d8 4c
  0x00007ffe402cb7d1:   8b 08 41 ff 91 f8 02 00 00 48 8b f0 48 85 c0 0f
  0x00007ffe402cb7e1:   84 4a 01 00 00 4c 8b 0b 48 8b d0 4c 8b 05 35 8b
  0x00007ffe402cb7f1:   06 00 48 8b cb 41 ff 91 00 01 00 00 84 c0 0f 84
  0x00007ffe402cb801:   2b 01 00 00 48 8b 7f 08 48 8b d6 48 8b 03 48 8b
  0x00007ffe402cb811:   cb 4c 8b 05 27 8b 06 00 48 81 c7 00 04 00 00 48
  0x00007ffe402cb821:   89 6c 24 60 4c 89 64 24 38 ff 90 f8 02 00 00 4c
  0x00007ffe402cb831:   8b 0b 48 8b d6 4c 8b 05 0b 8b 06 00 48 8b cb 4c


Stack slot to memory mapping:

stack at sp + 0 slots: 0x00007ffe40327838 awt.dll
stack at sp + 1 slots: 0xffffffff8d0113ef is an unknown value
stack at sp + 2 slots: 0x0 is null
stack at sp + 3 slots: 0x0 is null
stack at sp + 4 slots: 0x0 is null
stack at sp + 5 slots: 0x00007ffe4028768c awt.dll
stack at sp + 6 slots: 0xffffffff8d0113ef is an unknown value
stack at sp + 7 slots: 0x000002102c712950 points into unknown readable memory: 0x00007ffe402fa860 | 60 a8 2f 40 fe 7f 00 00

Lock stack of current Java thread (top to bottom):

native method entry point (kind = native)  [0x0000020fd201cb60, 0x0000020fd201d6a0]  2880 bytes
[MachCode]
  0x0000020fd201cb60: 488b 4b08 | 0fb7 492e | 584c 8d74 | ccf8 6800 | 0000 0068 | 0000 0000 | 5055 488b | ec41 5568 
  0x0000020fd201cb80: 0000 0000 | 4c8b 6b08 | 4d8d 6d38 | 5348 8b53 | 0848 8b52 | 0848 8b52 | 1848 8b52 | 7048 8b12 
  0x0000020fd201cba0: 5248 8b53 | 1048 85d2 | 0f84 0700 | 0000 4881 | c208 0100 | 0052 488b | 5308 488b | 5208 488b 
  0x0000020fd201cbc0: 5210 5249 | 8bc6 482b | c548 c1e8 | 0350 6800 | 0000 0068 | f7ff ffff | 41c6 8771 | 0400 0001 
  0x0000020fd201cbe0: 488b 4310 | 4885 c074 | 208b 88cc | 0000 0083 | c102 8988 | cc00 0000 | 2388 e000 | 0000 0f84 
  0x0000020fd201cc00: ea09 0000 | e9cd 0000 | 0048 8b43 | 1848 85c0 | 0f85 b000 | 0000 e805 | 0000 00e9 | 9900 0000 
  0x0000020fd201cc20: 488b d348 | 8d44 2408 | 4c89 6dc0 | 498b cfc5 | f877 4989 | afb8 0300 | 0049 8987 | a803 0000 
  0x0000020fd201cc40: 4883 ec20 | 40f6 c40f | 0f84 1900 | 0000 4883 | ec08 48b8 | 6030 8d40 | fe7f 0000 | ffd0 4883 
  0x0000020fd201cc60: c408 e90c | 0000 0048 | b860 308d | 40fe 7f00 | 00ff d048 | 83c4 2049 | c787 a803 | 0000 0000 
  0x0000020fd201cc80: 0000 49c7 | 87b8 0300 | 0000 0000 | 0049 c787 | b003 0000 | 0000 0000 | c5f8 7749 | 837f 0800 
  0x0000020fd201cca0: 0f84 0500 | 0000 e915 | 42ff ff4c | 8b6d c04c | 8b75 c84e | 8d74 f500 | c348 8b43 | 1848 85c0 
  0x0000020fd201ccc0: 0f84 1000 | 0000 8b08 | 83c1 0289 | 0823 4814 | 0f84 1809 | 0000 493b | a7f0 0400 | 000f 8748 
  0x0000020fd201cce0: 0000 0089 | 8424 00f0 | ffff 8984 | 2400 e0ff | ff89 8424 | 00d0 ffff | 8984 2400 | c0ff ff89 
  0x0000020fd201cd00: 8424 00b0 | ffff 8984 | 2400 a0ff | ff89 8424 | 0090 ffff | 8984 2400 | 80ff ff49 | 3ba7 e804 
  0x0000020fd201cd20: 0000 7607 | 4989 a7f0 | 0400 0041 | c687 7104 | 0000 0048 | 8b5d e84c | 8b5b 0845 | 0fb7 5b2e 
  0x0000020fd201cd40: 41c1 e303 | 492b e348 | 83ec 2048 | 83e4 f04c | 8b5b 604d | 85db 0f85 | ab00 0000 | e805 0000 
  0x0000020fd201cd60: 00e9 9900 | 0000 488b | d348 8d44 | 2408 4c89 | 6dc0 498b | cfc5 f877 | 4989 afb8 | 0300 0049 
  0x0000020fd201cd80: 8987 a803 | 0000 4883 | ec20 40f6 | c40f 0f84 | 1900 0000 | 4883 ec08 | 48b8 a05a | 8d40 fe7f 
  0x0000020fd201cda0: 0000 ffd0 | 4883 c408 | e90c 0000 | 0048 b8a0 | 5a8d 40fe | 7f00 00ff | d048 83c4 | 2049 c787 
  0x0000020fd201cdc0: a803 0000 | 0000 0000 | 49c7 87b8 | 0300 0000 | 0000 0049 | c787 b003 | 0000 0000 | 0000 c5f8 
  0x0000020fd201cde0: 7749 837f | 0800 0f84 | 0500 0000 | e9cf 40ff | ff4c 8b6d | c04c 8b75 | c84e 8d74 | f500 c348 
  0x0000020fd201ce00: 8b5d e84c | 8b5b 6041 | ffd3 488b | 5de8 4889 | 4518 448b | 5b28 41f6 | c308 0f84 | 1b00 0000 
  0x0000020fd201ce20: 4c8b 5b08 | 4d8b 5b08 | 4d8b 5b18 | 4d8b 5b70 | 4d8b 1b4c | 895d 1048 | 8d55 1048 | 8b43 5849 
  0x0000020fd201ce40: ba40 70c6 | 40fe 7f00 | 0049 3bc2 | 0f85 ab00 | 0000 e805 | 0000 00e9 | 9900 0000 | 488b d348 
  0x0000020fd201ce60: 8d44 2408 | 4c89 6dc0 | 498b cfc5 | f877 4989 | afb8 0300 | 0049 8987 | a803 0000 | 4883 ec20 
  0x0000020fd201ce80: 40f6 c40f | 0f84 1900 | 0000 4883 | ec08 48b8 | a05a 8d40 | fe7f 0000 | ffd0 4883 | c408 e90c 
  0x0000020fd201cea0: 0000 0048 | b8a0 5a8d | 40fe 7f00 | 00ff d048 | 83c4 2049 | c787 a803 | 0000 0000 | 0000 49c7 
  0x0000020fd201cec0: 87b8 0300 | 0000 0000 | 0049 c787 | b003 0000 | 0000 0000 | c5f8 7749 | 837f 0800 | 0f84 0500 
  0x0000020fd201cee0: 0000 e9d9 | 3fff ff4c | 8b6d c04c | 8b75 c84e | 8d74 f500 | c348 8b5d | e848 8b43 | 5849 8d8f 
  0x0000020fd201cf00: c803 0000 | 4c8d 15d5 | 0000 004d | 8997 b003 | 0000 c5f8 | 7749 89af | b803 0000 | 4989 a7a8 
  0x0000020fd201cf20: 0300 0041 | c787 5404 | 0000 0400 | 0000 493b | a748 0500 | 0076 0749 | 89a7 4805 | 0000 ffd0 
  0x0000020fd201cf40: 493b a748 | 0500 0072 | 0b49 c787 | 4805 0000 | 0000 0000 | c5f8 7748 | 83ec 10c5 | fb11 0424 
  0x0000020fd201cf60: 4883 ec10 | 4889 0424 | 48c7 4424 | 0800 0000 | 0041 c787 | 5404 0000 | 0500 0000 | f083 4424 
  0x0000020fd201cf80: c000 493b | 6f28 0f87 | 0e00 0000 | 4183 bf50 | 0400 0000 | 0f84 2000 | 0000 498b | cf4c 8be4 
  0x0000020fd201cfa0: 4883 ec20 | 4883 e4f0 | 48b8 d0b9 | 8e40 fe7f | 0000 ffd0 | 498b e44d | 33e4 41c7 | 8754 0400 
  0x0000020fd201cfc0: 0008 0000 | 004d 8b97 | 7005 0000 | 4983 fa00 | 7435 49c7 | 8770 0500 | 0000 0000 | 0041 ffe2 
  0x0000020fd201cfe0: 49ba 00bb | 01d2 0f02 | 0000 41ff | d248 83ec | 10c5 fb11 | 0424 4883 | ec10 4889 | 0424 48c7 
  0x0000020fd201d000: 4424 0800 | 0000 0049 | c787 a803 | 0000 0000 | 0000 49c7 | 87b8 0300 | 0000 0000 | 0049 c787 
  0x0000020fd201d020: b003 0000 | 0000 0000 | c5f8 774d | 8b9f 3804 | 0000 41c7 | 8300 0100 | 0000 0000 | 0049 bb3a 
  0x0000020fd201d040: a401 d20f | 0200 004c | 3b5d 180f | 855b 0200 | 0048 8b04 | 2448 83c4 | 1048 85c0 | 0f84 3502 
  0x0000020fd201d060: 0000 a803 | 0f85 0800 | 0000 488b | 00e9 2502 | 0000 a801 | 0f85 0900 | 0000 488b | 40fe e914 
  0x0000020fd201d080: 0200 0048 | 8b40 ff41 | 807f 4800 | 0f84 0502 | 0000 4883 | f800 0f84 | fb01 0000 | 4d8b 5f38 
  0x0000020fd201d0a0: 4d85 db0f | 8414 0000 | 0049 83eb | 084d 895f | 384d 035f | 4049 8903 | e9da 0100 | 0048 81ec 
  0x0000020fd201d0c0: f000 0000 | 4889 0424 | 4889 4c24 | 0848 8954 | 2410 4c89 | 4424 184c | 894c 2420 | 4c89 5424 
  0x0000020fd201d0e0: 284c 895c | 2430 c5fb | 1144 2440 | c5fb 114c | 2448 c5fb | 1154 2450 | c5fb 115c | 2458 c5fb 
  0x0000020fd201d100: 1164 2460 | c5fb 116c | 2468 62e1 | ff08 1144 | 240e 62e1 | ff08 114c | 240f 62e1 | ff08 1154 
  0x0000020fd201d120: 2410 62e1 | ff08 115c | 2411 62e1 | ff08 1164 | 2412 62e1 | ff08 116c | 2413 62e1 | ff08 1174 
  0x0000020fd201d140: 2414 62e1 | ff08 117c | 2415 6261 | ff08 1144 | 2416 6261 | ff08 114c | 2417 6261 | ff08 1154 
  0x0000020fd201d160: 2418 6261 | ff08 115c | 2419 6261 | ff08 1164 | 241a 6261 | ff08 116c | 241b 6261 | ff08 1174 
  0x0000020fd201d180: 241c 6261 | ff08 117c | 241d 498b | d748 8bc8 | 4883 ec20 | 40f6 c40f | 0f84 1900 | 0000 4883 
  0x0000020fd201d1a0: ec08 48b8 | 9049 8140 | fe7f 0000 | ffd0 4883 | c408 e90c | 0000 0048 | b890 4981 | 40fe 7f00 
  0x0000020fd201d1c0: 00ff d048 | 83c4 2062 | 61ff 0810 | 7c24 1d62 | 61ff 0810 | 7424 1c62 | 61ff 0810 | 6c24 1b62 
  0x0000020fd201d1e0: 61ff 0810 | 6424 1a62 | 61ff 0810 | 5c24 1962 | 61ff 0810 | 5424 1862 | 61ff 0810 | 4c24 1762 
  0x0000020fd201d200: 61ff 0810 | 4424 1662 | e1ff 0810 | 7c24 1562 | e1ff 0810 | 7424 1462 | e1ff 0810 | 6c24 1362 
  0x0000020fd201d220: e1ff 0810 | 6424 1262 | e1ff 0810 | 5c24 1162 | e1ff 0810 | 5424 1062 | e1ff 0810 | 4c24 0f62 
  0x0000020fd201d240: e1ff 0810 | 4424 0ec5 | fb10 6c24 | 68c5 fb10 | 6424 60c5 | fb10 5c24 | 58c5 fb10 | 5424 50c5 
  0x0000020fd201d260: fb10 4c24 | 48c5 fb10 | 4424 404c | 8b5c 2430 | 4c8b 5424 | 284c 8b4c | 2420 4c8b | 4424 1848 
  0x0000020fd201d280: 8b54 2410 | 488b 4c24 | 0848 8b04 | 2448 81c4 | f000 0000 | c5f8 7748 | 8945 1048 | 83ec 1048 
  0x0000020fd201d2a0: 8904 2448 | c744 2408 | 0000 0000 | 4183 bfd0 | 0400 0002 | 0f85 bf00 | 0000 4881 | ec80 0000 
  0x0000020fd201d2c0: 0048 8944 | 2478 4889 | 4c24 7048 | 8954 2468 | 4889 5c24 | 6048 896c | 2450 4889 | 7424 4848 
  0x0000020fd201d2e0: 897c 2440 | 4c89 4424 | 384c 894c | 2430 4c89 | 5424 284c | 895c 2420 | 4c89 6424 | 184c 896c 
  0x0000020fd201d300: 2410 4c89 | 7424 084c | 893c 244c | 8be4 4883 | ec20 4883 | e4f0 48b8 | d056 c640 | fe7f 0000 
  0x0000020fd201d320: ffd0 498b | e44c 8b3c | 244c 8b74 | 2408 4c8b | 6c24 104c | 8b64 2418 | 4c8b 5c24 | 204c 8b54 
  0x0000020fd201d340: 2428 4c8b | 4c24 304c | 8b44 2438 | 488b 7c24 | 4048 8b74 | 2448 488b | 6c24 5048 | 8b5c 2460 
  0x0000020fd201d360: 488b 5424 | 6848 8b4c | 2470 488b | 4424 7848 | 81c4 8000 | 0000 4d33 | e448 8b5d | e84c 8b6b 
  0x0000020fd201d380: 084d 8d6d | 3849 837f | 0800 0f84 | bb00 0000 | e805 0000 | 00e9 9600 | 0000 488d | 4424 084c 
  0x0000020fd201d3a0: 896d c049 | 8bcf c5f8 | 7749 89af | b803 0000 | 4989 87a8 | 0300 0048 | 83ec 2040 | f6c4 0f0f 
  0x0000020fd201d3c0: 8419 0000 | 0048 83ec | 0848 b840 | 798d 40fe | 7f00 00ff | d048 83c4 | 08e9 0c00 | 0000 48b8 
  0x0000020fd201d3e0: 4079 8d40 | fe7f 0000 | ffd0 4883 | c420 49c7 | 87a8 0300 | 0000 0000 | 0049 c787 | b803 0000 
  0x0000020fd201d400: 0000 0000 | 49c7 87b0 | 0300 0000 | 0000 00c5 | f877 4983 | 7f08 000f | 8405 0000 | 00e9 9e3a 
  0x0000020fd201d420: ffff 4c8b | 6dc0 4c8b | 75c8 4e8d | 74f5 00c3 | 48b9 f8eb | ec40 fe7f | 0000 4883 | e4f0 48b8 
  0x0000020fd201d440: 30a8 b340 | fe7f 0000 | ffd0 f444 | 8b5b 2841 | f6c3 200f | 8472 0100 | 0048 8d55 | a84c 8b5a 
  0x0000020fd201d460: 084d 85db | 0f85 bb00 | 0000 e805 | 0000 00e9 | 9600 0000 | 488d 4424 | 084c 896d | c049 8bcf 
  0x0000020fd201d480: c5f8 7749 | 89af b803 | 0000 4989 | 87a8 0300 | 0048 83ec | 2040 f6c4 | 0f0f 8419 | 0000 0048 
  0x0000020fd201d4a0: 83ec 0848 | b870 788d | 40fe 7f00 | 00ff d048 | 83c4 08e9 | 0c00 0000 | 48b8 7078 | 8d40 fe7f 
  0x0000020fd201d4c0: 0000 ffd0 | 4883 c420 | 49c7 87a8 | 0300 0000 | 0000 0049 | c787 b803 | 0000 0000 | 0000 49c7 
  0x0000020fd201d4e0: 87b0 0300 | 0000 0000 | 00c5 f877 | 4983 7f08 | 000f 8405 | 0000 00e9 | c439 ffff | 4c8b 6dc0 
  0x0000020fd201d500: 4c8b 75c8 | 4e8d 74f5 | 00c3 48b9 | f8eb ec40 | fe7f 0000 | 4883 e4f0 | 48b8 30a8 | b340 fe7f 
  0x0000020fd201d520: 0000 ffd0 | f44c 896d | c04c 8b4a | 0848 c742 | 0800 0000 | 0045 8b87 | 5806 0000 | 4f3b 4c07 
  0x0000020fd201d540: f80f 8542 | 0000 0041 | 83af 5806 | 0000 084f | 3b4c 07f0 | 0f84 2a00 | 0000 498b | 01a8 020f 
  0x0000020fd201d560: 8512 0000 | 004c 8bc0 | 4983 c801 | f04d 0fb1 | 010f 840d | 0000 0041 | 8387 5806 | 0000 08e9 
  0x0000020fd201d580: 0500 0000 | e93e 0000 | 004c 894a | 0848 8bca | 4883 ec20 | 40f6 c40f | 0f84 1900 | 0000 4883 
  0x0000020fd201d5a0: ec08 48b8 | 904a 8d40 | fe7f 0000 | ffd0 4883 | c408 e90c | 0000 0048 | b890 4a8d | 40fe 7f00 
  0x0000020fd201d5c0: 00ff d048 | 83c4 204c | 8b6d c048 | 8b04 2448 | 83c4 10c5 | fb10 0424 | 4883 c410 | 4c8b 5d18 
  0x0000020fd201d5e0: 41ff d34c | 8b5d f8c9 | 5f49 8be3 | ffe7 ba00 | 0000 00e8 | 0500 0000 | e996 0000 | 0048 8d44 
  0x0000020fd201d600: 2408 4c89 | 6dc0 498b | cfc5 f877 | 4989 afb8 | 0300 0049 | 8987 a803 | 0000 4883 | ec20 40f6 
  0x0000020fd201d620: c40f 0f84 | 1900 0000 | 4883 ec08 | 48b8 303f | 8d40 fe7f | 0000 ffd0 | 4883 c408 | e90c 0000 
  0x0000020fd201d640: 0048 b830 | 3f8d 40fe | 7f00 00ff | d048 83c4 | 2049 c787 | a803 0000 | 0000 0000 | 49c7 87b8 
  0x0000020fd201d660: 0300 0000 | 0000 0049 | c787 b003 | 0000 0000 | 0000 c5f8 | 7749 837f | 0800 0f84 | 0500 0000 
  0x0000020fd201d680: e93b 38ff | ff4c 8b6d | c04c 8b75 | c84e 8d74 | f500 c348 | 8b5d e8e9 | 3af6 ffff | 0f1f 4000 
[/MachCode]

---------------  P R O C E S S  ---------------

Threads class SMR info:
_java_thread_list=0x000002102e346980, length=21, elements={
0x0000020fe3ffe7d0, 0x0000020fe68a4c10, 0x0000020fe68a6800, 0x0000020fe68a6f40,
0x0000020fe68b0200, 0x0000020fe68c88f0, 0x0000020fe68cb2c0, 0x0000020fe68cc5c0,
0x0000020fe68c9040, 0x0000020fe68c7a50, 0x0000020fe68c81a0, 0x0000020fe68c9790,
0x0000020fe68c6460, 0x0000020fe68c6bb0, 0x0000020fe68c7300, 0x000002102c0b6aa0,
0x000002102c0b5c00, 0x000002102c0b87e0, 0x000002102c0ba520, 0x000002102c0b7940,
0x000002102c0b8f30
}

Java Threads: ( => current thread )
  0x0000020fe3ffe7d0 JavaThread "Reference Handler"          daemon [_thread_blocked, id=11232, stack(0x000000798e800000,0x000000798e900000) (1024K)]
  0x0000020fe68a4c10 JavaThread "Finalizer"                  daemon [_thread_blocked, id=5016, stack(0x000000798e900000,0x000000798ea00000) (1024K)]
  0x0000020fe68a6800 JavaThread "Signal Dispatcher"          daemon [_thread_blocked, id=2340, stack(0x000000798ea00000,0x000000798eb00000) (1024K)]
  0x0000020fe68a6f40 JavaThread "Attach Listener"            daemon [_thread_blocked, id=15728, stack(0x000000798eb00000,0x000000798ec00000) (1024K)]
  0x0000020fe68b0200 JavaThread "Service Thread"             daemon [_thread_blocked, id=7756, stack(0x000000798ec00000,0x000000798ed00000) (1024K)]
  0x0000020fe68c88f0 JavaThread "Monitor Deflation Thread"   daemon [_thread_blocked, id=16100, stack(0x000000798ed00000,0x000000798ee00000) (1024K)]
  0x0000020fe68cb2c0 JavaThread "C2 CompilerThread0"         daemon [_thread_blocked, id=16724, stack(0x000000798ee00000,0x000000798ef00000) (1024K)]
  0x0000020fe68cc5c0 JavaThread "C1 CompilerThread0"         daemon [_thread_blocked, id=19024, stack(0x000000798ef00000,0x000000798f000000) (1024K)]
  0x0000020fe68c9040 JavaThread "Common-Cleaner"             daemon [_thread_blocked, id=10472, stack(0x000000798f100000,0x000000798f200000) (1024K)]
  0x0000020fe68c7a50 JavaThread "Monitor Ctrl-Break"         daemon [_thread_in_native, id=21372, stack(0x000000798f200000,0x000000798f300000) (1024K)]
  0x0000020fe68c81a0 JavaThread "Notification Thread"        daemon [_thread_blocked, id=3044, stack(0x000000798f300000,0x000000798f400000) (1024K)]
  0x0000020fe68c9790 JavaThread "Java2D Disposer"            daemon [_thread_blocked, id=10400, stack(0x000000798f400000,0x000000798f500000) (1024K)]
  0x0000020fe68c6460 JavaThread "AWT-Shutdown"                      [_thread_blocked, id=13652, stack(0x000000798f500000,0x000000798f600000) (1024K)]
=>0x0000020fe68c6bb0 JavaThread "AWT-Windows"                daemon [_thread_in_native, id=13808, stack(0x000000798f600000,0x000000798f700000) (1024K)]
  0x0000020fe68c7300 JavaThread "AWT-EventQueue-0"                  [_thread_in_native, id=11740, stack(0x000000798f700000,0x000000798f800000) (1024K)]
  0x000002102c0b6aa0 JavaThread "DestroyJavaVM"                     [_thread_blocked, id=2932, stack(0x000000798e000000,0x000000798e100000) (1024K)]
  0x000002102c0b5c00 JavaThread "TimerQueue"                 daemon [_thread_blocked, id=9296, stack(0x000000798f900000,0x000000798fa00000) (1024K)]
  0x000002102c0b87e0 JavaThread "RMI TCP Accept-0"           daemon [_thread_in_native, id=23024, stack(0x000000798fb00000,0x000000798fc00000) (1024K)]
  0x000002102c0ba520 JavaThread "RMI TCP Connection(1)-192.168.0.213" daemon [_thread_in_native, id=10372, stack(0x000000798fc00000,0x000000798fd00000) (1024K)]
  0x000002102c0b7940 JavaThread "RMI Scheduler(0)"           daemon [_thread_blocked, id=20664, stack(0x000000798fd00000,0x000000798fe00000) (1024K)]
  0x000002102c0b8f30 JavaThread "JMX server connection timeout 41" daemon [_thread_blocked, id=13680, stack(0x000000798fe00000,0x000000798ff00000) (1024K)]
Total: 21

Other Threads:
  0x0000020fe3ff49b0 VMThread "VM Thread"                           [id=13532, stack(0x000000798e700000,0x000000798e800000) (1024K)]
  0x0000020fe3fe58c0 WatcherThread "VM Periodic Task Thread"        [id=3336, stack(0x000000798e600000,0x000000798e700000) (1024K)]
  0x0000020fc22a6500 WorkerThread "GC Thread#0"                     [id=4880, stack(0x000000798e100000,0x000000798e200000) (1024K)]
  0x000002102de59fc0 WorkerThread "GC Thread#1"                     [id=11228, stack(0x0000007990200000,0x0000007990300000) (1024K)]
  0x000002102de5c0f0 WorkerThread "GC Thread#2"                     [id=10972, stack(0x0000007990300000,0x0000007990400000) (1024K)]
  0x000002102de5b5e0 WorkerThread "GC Thread#3"                     [id=20912, stack(0x0000007990400000,0x0000007990500000) (1024K)]
  0x000002102de5c4a0 WorkerThread "GC Thread#4"                     [id=6224, stack(0x0000007990500000,0x0000007990600000) (1024K)]
  0x000002102de59860 WorkerThread "GC Thread#5"                     [id=8372, stack(0x0000007990600000,0x0000007990700000) (1024K)]
  0x000002102de5c850 WorkerThread "GC Thread#6"                     [id=8320, stack(0x0000007990700000,0x0000007990800000) (1024K)]
  0x000002102de58d50 WorkerThread "GC Thread#7"                     [id=8240, stack(0x0000007990800000,0x0000007990900000) (1024K)]
  0x0000020fc22bae50 ConcurrentGCThread "G1 Main Marker"            [id=10716, stack(0x000000798e200000,0x000000798e300000) (1024K)]
  0x0000020fc22bcd60 WorkerThread "G1 Conc#0"                       [id=12036, stack(0x000000798e300000,0x000000798e400000) (1024K)]
  0x0000020fe6a28f40 WorkerThread "G1 Conc#1"                       [id=18400, stack(0x000000798f000000,0x000000798f100000) (1024K)]
  0x0000020fe3ea4110 ConcurrentGCThread "G1 Refine#0"               [id=4944, stack(0x000000798e400000,0x000000798e500000) (1024K)]
  0x0000020fe3ea6560 ConcurrentGCThread "G1 Service"                [id=22516, stack(0x000000798e500000,0x000000798e600000) (1024K)]
Total: 15

Threads with active compile tasks:
Total: 0

VM state: not at safepoint (normal execution)

VM Mutex/Monitor currently owned by a thread: None

Heap address: 0x0000000605c00000, size: 8100 MB, Compressed Oops mode: Zero based, Oop shift amount: 3

CDS archive(s) mapped at: [0x0000020fe7000000-0x0000020fe7d40000-0x0000020fe7d40000), size 13893632, SharedBaseAddress: 0x0000020fe7000000, ArchiveRelocationMode: 1.
Compressed class space mapped at: 0x0000020fe8000000-0x0000021028000000, reserved size: 1073741824
UseCompressedClassPointers 1, UseCompactObjectHeaders 0
Narrow klass pointer bits 32, Max shift 3
Narrow klass base: 0x0000020fe7000000, Narrow klass shift: 0
Encoding Range: [0x0000020fe7000000 - 0x00000210e7000000), (4294967296 bytes)
Klass Range:    [0x0000020fe7000000 - 0x0000021028000000), (1090519040 bytes)
Klass ID Range:  [8 - 1090519033) (1090519025)

GC Precious Log:
 CardTable entry size: 512
 Card Set container configuration: InlinePtr #cards 4 size 8 Array Of Cards #cards 32 size 80 Howl #buckets 8 coarsen threshold 7372 Howl Bitmap #cards 1024 size 144 coarsen threshold 921 Card regions per heap region 1 cards per card region 8192
 CPUs: 8 total, 8 available
 Memory: 32398M
 Large Page Support: Disabled
 NUMA Support: Disabled
 Compressed Oops: Enabled (Zero based)
 Heap Region Size: 4M
 Heap Min Capacity: 8M
 Heap Initial Capacity: 508M
 Heap Max Capacity: 8100M
 Pre-touch: Disabled
 Parallel Workers: 8
 Concurrent Workers: 2
 Concurrent Refinement Workers: 8
 Periodic GC: Disabled

Heap:
 garbage-first heap   total reserved 8294400K, committed 94208K, used 51577K [0x0000000605c00000, 0x0000000800000000)
  region size 4096K, 8 young (32768K), 1 survivors (4096K)
 Metaspace       used 21654K, committed 22272K, reserved 1114112K
  class space    used 2207K, committed 2496K, reserved 1048576K

Heap Regions: E=young(eden), S=young(survivor), O=old, HS=humongous(starts), HC=humongous(continues), CS=collection set, F=free, TAMS=top-at-mark-start, PB=parsable bottom
|   0|0x0000000605c00000, 0x0000000606000000, 0x0000000606000000|100%| O|  |TAMS 0x0000000605c00000| PB 0x0000000605c00000| Untracked |  0
|   1|0x0000000606000000, 0x0000000606400000, 0x0000000606400000|100%| O|  |TAMS 0x0000000606000000| PB 0x0000000606000000| Untracked |  0
|   2|0x0000000606400000, 0x0000000606800000, 0x0000000606800000|100%| O|  |TAMS 0x0000000606400000| PB 0x0000000606400000| Untracked |  1
|   3|0x0000000606800000, 0x0000000606c00000, 0x0000000606c00000|100%|HS|  |TAMS 0x0000000606800000| PB 0x0000000606800000| Complete |  0
|   4|0x0000000606c00000, 0x0000000606e57d58, 0x0000000607000000| 58%| O|  |TAMS 0x0000000606c00000| PB 0x0000000606c00000| Untracked |  0
|   5|0x0000000607000000, 0x0000000607400000, 0x0000000607400000|100%|HS|  |TAMS 0x0000000607000000| PB 0x0000000607000000| Complete |  0
|   6|0x0000000607400000, 0x0000000607800000, 0x0000000607800000|100%|HC|  |TAMS 0x0000000607400000| PB 0x0000000607400000| Complete |  0
|   7|0x0000000607800000, 0x0000000607800000, 0x0000000607c00000|  0%| F|  |TAMS 0x0000000607800000| PB 0x0000000607800000| Untracked |  0
|   8|0x0000000607c00000, 0x0000000607c00000, 0x0000000608000000|  0%| F|  |TAMS 0x0000000607c00000| PB 0x0000000607c00000| Untracked |  0
|   9|0x0000000608000000, 0x00000006080068d0, 0x0000000608400000|  0%| S|CS|TAMS 0x0000000608000000| PB 0x0000000608000000| Complete |  0
|  10|0x0000000608400000, 0x0000000608400000, 0x0000000608800000|  0%| F|  |TAMS 0x0000000608400000| PB 0x0000000608400000| Untracked |  0
|  11|0x0000000608800000, 0x0000000608800000, 0x0000000608c00000|  0%| F|  |TAMS 0x0000000608800000| PB 0x0000000608800000| Untracked |  0
|  12|0x0000000608c00000, 0x0000000608c00000, 0x0000000609000000|  0%| F|  |TAMS 0x0000000608c00000| PB 0x0000000608c00000| Untracked |  0
|  13|0x0000000609000000, 0x0000000609000000, 0x0000000609400000|  0%| F|  |TAMS 0x0000000609000000| PB 0x0000000609000000| Untracked |  0
|  14|0x0000000609400000, 0x0000000609400000, 0x0000000609800000|  0%| F|  |TAMS 0x0000000609400000| PB 0x0000000609400000| Untracked |  0
|  15|0x0000000609800000, 0x0000000609800000, 0x0000000609c00000|  0%| F|  |TAMS 0x0000000609800000| PB 0x0000000609800000| Untracked |  0
|  16|0x0000000609c00000, 0x0000000609d15270, 0x000000060a000000| 27%| E|  |TAMS 0x0000000609c00000| PB 0x0000000609c00000| Complete |  0
|  17|0x000000060a000000, 0x000000060a400000, 0x000000060a400000|100%| E|CS|TAMS 0x000000060a000000| PB 0x000000060a000000| Complete |  0
|  69|0x0000000617000000, 0x0000000617400000, 0x0000000617400000|100%| E|CS|TAMS 0x0000000617000000| PB 0x0000000617000000| Complete |  0
|  70|0x0000000617400000, 0x0000000617800000, 0x0000000617800000|100%| E|CS|TAMS 0x0000000617400000| PB 0x0000000617400000| Complete |  0
|  71|0x0000000617800000, 0x0000000617c00000, 0x0000000617c00000|100%| E|CS|TAMS 0x0000000617800000| PB 0x0000000617800000| Complete |  0
| 126|0x0000000625400000, 0x0000000625800000, 0x0000000625800000|100%| E|CS|TAMS 0x0000000625400000| PB 0x0000000625400000| Complete |  0
|2024|0x00000007ffc00000, 0x0000000800000000, 0x0000000800000000|100%| E|CS|TAMS 0x00000007ffc00000| PB 0x00000007ffc00000| Complete |  0

Card table byte_map: [0x0000020fdaf00000,0x0000020fdbee0000] _byte_map_base: 0x0000020fd7ed2000

Marking Bits: (CMBitMap*) 0x0000020fc22a68c0
 Bits: [0x0000020fdbee0000, 0x0000020fe3d70000)

Polling page: 0x0000020fc1890000

Metaspace:

Usage:
  Non-class:     18.99 MB used.
      Class:      2.16 MB used.
       Both:     21.15 MB used.

Virtual space:
  Non-class space:       64.00 MB reserved,      19.31 MB ( 30%) committed,  1 nodes.
      Class space:        1.00 GB reserved,       2.44 MB ( <1%) committed,  1 nodes.
             Both:        1.06 GB reserved,      21.75 MB (  2%) committed. 

Chunk freelists:
   Non-Class:  12.47 MB
       Class:  13.56 MB
        Both:  26.03 MB

MaxMetaspaceSize: unlimited
CompressedClassSpaceSize: 1.00 GB
Initial GC threshold: 21.00 MB
Current GC threshold: 35.12 MB
CDS: on
 - commit_granule_bytes: 65536.
 - commit_granule_words: 8192.
 - virtual_space_node_default_size: 8388608.
 - enlarge_chunks_in_place: 1.
UseCompressedClassPointers 1, UseCompactObjectHeaders 0
Narrow klass pointer bits 32, Max shift 3
Narrow klass base: 0x0000020fe7000000, Narrow klass shift: 0
Encoding Range: [0x0000020fe7000000 - 0x00000210e7000000), (4294967296 bytes)
Klass Range:    [0x0000020fe7000000 - 0x0000021028000000), (1090519040 bytes)
Klass ID Range:  [8 - 1090519033) (1090519025)


Internal statistics:

num_allocs_failed_limit: 3.
num_arena_births: 772.
num_arena_deaths: 0.
num_vsnodes_births: 2.
num_vsnodes_deaths: 0.
num_space_committed: 348.
num_space_uncommitted: 0.
num_chunks_returned_to_freelist: 3.
num_chunks_taken_from_freelist: 1015.
num_chunk_merges: 3.
num_chunk_splits: 655.
num_chunks_enlarged: 357.
num_inconsistent_stats: 0.

CodeHeap 'non-profiled nmethods': size=120064Kb used=4682Kb max_used=4682Kb free=115381Kb
 bounds [0x0000020fd25a0000, 0x0000020fd2a40000, 0x0000020fd9ae0000]
CodeHeap 'profiled nmethods': size=120000Kb used=10210Kb max_used=10210Kb free=109789Kb
 bounds [0x0000020fcaae0000, 0x0000020fcb4e0000, 0x0000020fd2010000]
CodeHeap 'non-nmethods': size=5696Kb used=1873Kb max_used=2040Kb free=3822Kb
 bounds [0x0000020fd2010000, 0x0000020fd2280000, 0x0000020fd25a0000]
CodeCache: size=245760Kb, used=16765Kb, max_used=16932Kb, free=228992Kb
 total_blobs=6985, nmethods=6143, adapters=733, full_count=0
Compilation: enabled, stopped_count=0, restarted_count=0

Compilation events (20 events):
Event: 662.703 Thread 0x0000020fe68cc5c0 6136       3       java.lang.ref.ReferenceQueue::poll0 (65 bytes)
Event: 662.704 Thread 0x0000020fe68cc5c0 nmethod 6136 0x0000020fcb4d6c08 code [0x0000020fcb4d6d40, 0x0000020fcb4d7220]
Event: 673.606 Thread 0x0000020fe68cb2c0 6137 %     4       javax.swing.SwingUtilities::getPaintingOrigin @ 2 (33 bytes)
Event: 673.608 Thread 0x0000020fe68cb2c0 nmethod 6137% 0x0000020fd2a2ff88 code [0x0000020fd2a300a0, 0x0000020fd2a30230]
Event: 675.990 Thread 0x0000020fe68cb2c0 6138       4       java.util.Collections$UnmodifiableCollection$1::next (10 bytes)
Event: 675.996 Thread 0x0000020fe68cb2c0 nmethod 6138 0x0000020fd2a30288 code [0x0000020fd2a303a0, 0x0000020fd2a30800]
Event: 677.773 Thread 0x0000020fe68cb2c0 6139       4       javax.swing.JComponent::paintImmediately (155 bytes)
Event: 677.781 Thread 0x0000020fe68cb2c0 nmethod 6139 0x0000020fd2a30888 code [0x0000020fd2a309e0, 0x0000020fd2a30de0]
Event: 678.932 Thread 0x0000020fe68cb2c0 6140   !   4       javax.swing.RepaintManager::paintDirtyRegions (383 bytes)
Event: 678.996 Thread 0x0000020fe68cb2c0 nmethod 6140 0x0000020fd2a30e88 code [0x0000020fd2a31120, 0x0000020fd2a328e8]
Event: 685.332 Thread 0x0000020fe68cc5c0 6141       3       java.util.HashMap$EntrySet::iterator (12 bytes)
Event: 685.333 Thread 0x0000020fe68cc5c0 nmethod 6141 0x0000020fcb4d7288 code [0x0000020fcb4d73c0, 0x0000020fcb4d75d0]
Event: 685.333 Thread 0x0000020fe68cc5c0 6142       3       java.util.HashMap$EntryIterator::<init> (6 bytes)
Event: 685.333 Thread 0x0000020fe68cc5c0 nmethod 6142 0x0000020fcb4d7608 code [0x0000020fcb4d7720, 0x0000020fcb4d7850]
Event: 685.445 Thread 0x0000020fe68cc5c0 6143       3       java.util.HashSet::<init> (29 bytes)
Event: 685.445 Thread 0x0000020fe68cc5c0 nmethod 6143 0x0000020fcb4d7908 code [0x0000020fcb4d7a80, 0x0000020fcb4d7f68]
Event: 1282.339 Thread 0x0000020fe68cc5c0 6144       3       java.awt.Component::setSize (7 bytes)
Event: 1282.339 Thread 0x0000020fe68cc5c0 nmethod 6144 0x0000020fcb4d8008 code [0x0000020fcb4d8120, 0x0000020fcb4d82e0]
Event: 1282.339 Thread 0x0000020fe68cc5c0 6145   !   3       java.awt.Component::resize (39 bytes)
Event: 1282.340 Thread 0x0000020fe68cc5c0 nmethod 6145 0x0000020fcb4d8308 code [0x0000020fcb4d8440, 0x0000020fcb4d8960]

GC Heap History (20 events):
Event: 659.389 GC heap before
{Heap before GC invocations=280 (full 0):
 garbage-first heap   total reserved 8294400K, committed 94208K, used 76135K [0x0000000605c00000, 0x0000000800000000)
  region size 4096K, 13 young (53248K), 1 survivors (4096K)
 Metaspace       used 21650K, committed 22272K, reserved 1114112K
  class space    used 2206K, committed 2496K, reserved 1048576K
}
Event: 659.390 GC heap after
{Heap after GC invocations=281 (full 0):
 garbage-first heap   total reserved 8294400K, committed 94208K, used 26983K [0x0000000605c00000, 0x0000000800000000)
  region size 4096K, 1 young (4096K), 1 survivors (4096K)
 Metaspace       used 21650K, committed 22272K, reserved 1114112K
  class space    used 2206K, committed 2496K, reserved 1048576K
}
Event: 662.701 GC heap before
{Heap before GC invocations=281 (full 0):
 garbage-first heap   total reserved 8294400K, committed 94208K, used 76135K [0x0000000605c00000, 0x0000000800000000)
  region size 4096K, 13 young (53248K), 1 survivors (4096K)
 Metaspace       used 21650K, committed 22272K, reserved 1114112K
  class space    used 2206K, committed 2496K, reserved 1048576K
}
Event: 662.703 GC heap after
{Heap after GC invocations=282 (full 0):
 garbage-first heap   total reserved 8294400K, committed 94208K, used 26981K [0x0000000605c00000, 0x0000000800000000)
  region size 4096K, 1 young (4096K), 1 survivors (4096K)
 Metaspace       used 21650K, committed 22272K, reserved 1114112K
  class space    used 2206K, committed 2496K, reserved 1048576K
}
Event: 666.021 GC heap before
{Heap before GC invocations=282 (full 0):
 garbage-first heap   total reserved 8294400K, committed 94208K, used 76133K [0x0000000605c00000, 0x0000000800000000)
  region size 4096K, 13 young (53248K), 1 survivors (4096K)
 Metaspace       used 21650K, committed 22272K, reserved 1114112K
  class space    used 2206K, committed 2496K, reserved 1048576K
}
Event: 666.023 GC heap after
{Heap after GC invocations=283 (full 0):
 garbage-first heap   total reserved 8294400K, committed 94208K, used 26985K [0x0000000605c00000, 0x0000000800000000)
  region size 4096K, 1 young (4096K), 1 survivors (4096K)
 Metaspace       used 21650K, committed 22272K, reserved 1114112K
  class space    used 2206K, committed 2496K, reserved 1048576K
}
Event: 669.315 GC heap before
{Heap before GC invocations=283 (full 0):
 garbage-first heap   total reserved 8294400K, committed 94208K, used 76137K [0x0000000605c00000, 0x0000000800000000)
  region size 4096K, 13 young (53248K), 1 survivors (4096K)
 Metaspace       used 21650K, committed 22272K, reserved 1114112K
  class space    used 2206K, committed 2496K, reserved 1048576K
}
Event: 669.316 GC heap after
{Heap after GC invocations=284 (full 0):
 garbage-first heap   total reserved 8294400K, committed 94208K, used 26987K [0x0000000605c00000, 0x0000000800000000)
  region size 4096K, 1 young (4096K), 1 survivors (4096K)
 Metaspace       used 21650K, committed 22272K, reserved 1114112K
  class space    used 2206K, committed 2496K, reserved 1048576K
}
Event: 672.627 GC heap before
{Heap before GC invocations=284 (full 0):
 garbage-first heap   total reserved 8294400K, committed 94208K, used 76139K [0x0000000605c00000, 0x0000000800000000)
  region size 4096K, 13 young (53248K), 1 survivors (4096K)
 Metaspace       used 21650K, committed 22272K, reserved 1114112K
  class space    used 2206K, committed 2496K, reserved 1048576K
}
Event: 672.628 GC heap after
{Heap after GC invocations=285 (full 0):
 garbage-first heap   total reserved 8294400K, committed 94208K, used 26987K [0x0000000605c00000, 0x0000000800000000)
  region size 4096K, 1 young (4096K), 1 survivors (4096K)
 Metaspace       used 21650K, committed 22272K, reserved 1114112K
  class space    used 2206K, committed 2496K, reserved 1048576K
}
Event: 675.951 GC heap before
{Heap before GC invocations=285 (full 0):
 garbage-first heap   total reserved 8294400K, committed 94208K, used 76139K [0x0000000605c00000, 0x0000000800000000)
  region size 4096K, 13 young (53248K), 1 survivors (4096K)
 Metaspace       used 21650K, committed 22272K, reserved 1114112K
  class space    used 2206K, committed 2496K, reserved 1048576K
}
Event: 675.952 GC heap after
{Heap after GC invocations=286 (full 0):
 garbage-first heap   total reserved 8294400K, committed 94208K, used 26987K [0x0000000605c00000, 0x0000000800000000)
  region size 4096K, 1 young (4096K), 1 survivors (4096K)
 Metaspace       used 21650K, committed 22272K, reserved 1114112K
  class space    used 2206K, committed 2496K, reserved 1048576K
}
Event: 679.311 GC heap before
{Heap before GC invocations=286 (full 0):
 garbage-first heap   total reserved 8294400K, committed 94208K, used 76139K [0x0000000605c00000, 0x0000000800000000)
  region size 4096K, 13 young (53248K), 1 survivors (4096K)
 Metaspace       used 21650K, committed 22272K, reserved 1114112K
  class space    used 2206K, committed 2496K, reserved 1048576K
}
Event: 679.312 GC heap after
{Heap after GC invocations=287 (full 0):
 garbage-first heap   total reserved 8294400K, committed 94208K, used 26987K [0x0000000605c00000, 0x0000000800000000)
  region size 4096K, 1 young (4096K), 1 survivors (4096K)
 Metaspace       used 21650K, committed 22272K, reserved 1114112K
  class space    used 2206K, committed 2496K, reserved 1048576K
}
Event: 682.641 GC heap before
{Heap before GC invocations=287 (full 0):
 garbage-first heap   total reserved 8294400K, committed 94208K, used 76139K [0x0000000605c00000, 0x0000000800000000)
  region size 4096K, 13 young (53248K), 1 survivors (4096K)
 Metaspace       used 21650K, committed 22272K, reserved 1114112K
  class space    used 2206K, committed 2496K, reserved 1048576K
}
Event: 682.644 GC heap after
{Heap after GC invocations=288 (full 0):
 garbage-first heap   total reserved 8294400K, committed 94208K, used 26985K [0x0000000605c00000, 0x0000000800000000)
  region size 4096K, 1 young (4096K), 1 survivors (4096K)
 Metaspace       used 21650K, committed 22272K, reserved 1114112K
  class space    used 2206K, committed 2496K, reserved 1048576K
}
Event: 1274.890 GC heap before
{Heap before GC invocations=288 (full 0):
 garbage-first heap   total reserved 8294400K, committed 94208K, used 76137K [0x0000000605c00000, 0x0000000800000000)
  region size 4096K, 13 young (53248K), 1 survivors (4096K)
 Metaspace       used 21651K, committed 22272K, reserved 1114112K
  class space    used 2206K, committed 2496K, reserved 1048576K
}
Event: 1274.891 GC heap after
{Heap after GC invocations=289 (full 0):
 garbage-first heap   total reserved 8294400K, committed 94208K, used 26999K [0x0000000605c00000, 0x0000000800000000)
  region size 4096K, 1 young (4096K), 1 survivors (4096K)
 Metaspace       used 21651K, committed 22272K, reserved 1114112K
  class space    used 2206K, committed 2496K, reserved 1048576K
}
Event: 1278.660 GC heap before
{Heap before GC invocations=289 (full 0):
 garbage-first heap   total reserved 8294400K, committed 94208K, used 76151K [0x0000000605c00000, 0x0000000800000000)
  region size 4096K, 13 young (53248K), 1 survivors (4096K)
 Metaspace       used 21651K, committed 22272K, reserved 1114112K
  class space    used 2206K, committed 2496K, reserved 1048576K
}
Event: 1278.661 GC heap after
{Heap after GC invocations=290 (full 0):
 garbage-first heap   total reserved 8294400K, committed 94208K, used 27001K [0x0000000605c00000, 0x0000000800000000)
  region size 4096K, 1 young (4096K), 1 survivors (4096K)
 Metaspace       used 21651K, committed 22272K, reserved 1114112K
  class space    used 2206K, committed 2496K, reserved 1048576K
}

Dll operation events (17 events):
Event: 0.017 Loaded shared library C:\Users\Victo\.jdks\openjdk-24.0.1\bin\java.dll
Event: 0.057 Loaded shared library C:\Users\Victo\.jdks\openjdk-24.0.1\bin\jsvml.dll
Event: 0.122 Loaded shared library C:\Users\Victo\.jdks\openjdk-24.0.1\bin\zip.dll
Event: 0.127 Loaded shared library C:\Users\Victo\.jdks\openjdk-24.0.1\bin\instrument.dll
Event: 0.136 Loaded shared library C:\Users\Victo\.jdks\openjdk-24.0.1\bin\net.dll
Event: 0.138 Loaded shared library C:\Users\Victo\.jdks\openjdk-24.0.1\bin\nio.dll
Event: 0.147 Loaded shared library C:\Users\Victo\.jdks\openjdk-24.0.1\bin\zip.dll
Event: 0.182 Loaded shared library C:\Program Files\JetBrains\IntelliJ IDEA 2024.3.2.1\bin\breakgen64.dll
Event: 0.199 Loaded shared library C:\Users\Victo\.jdks\openjdk-24.0.1\bin\extnet.dll
Event: 0.216 Loaded shared library C:\Users\Victo\.jdks\openjdk-24.0.1\bin\jimage.dll
Event: 0.230 Loaded shared library C:\Users\Victo\.jdks\openjdk-24.0.1\bin\awt.dll
Event: 0.304 Loaded shared library C:\Users\Victo\.jdks\openjdk-24.0.1\bin\management.dll
Event: 0.317 Loaded shared library C:\Users\Victo\.jdks\openjdk-24.0.1\bin\management_ext.dll
Event: 0.482 Loaded shared library C:\Users\Victo\.jdks\openjdk-24.0.1\bin\freetype.dll
Event: 0.484 Loaded shared library C:\Users\Victo\.jdks\openjdk-24.0.1\bin\fontmanager.dll
Event: 10.110 Loaded shared library C:\Windows\System32\ucrtbase.dll
Event: 10.112 Loaded shared library C:\Users\Victo\.jdks\openjdk-24.0.1\bin\syslookup.dll

Deoptimization events (20 events):
Event: 523.259 Thread 0x0000020fe68c7300 DEOPT PACKING pc=0x0000020fd279032c sp=0x000000798f7ff410
Event: 523.259 Thread 0x0000020fe68c7300 DEOPT UNPACKING pc=0x0000020fd2135002 sp=0x000000798f7ff320 mode 2
Event: 524.269 Thread 0x000002102c0b5c00 Uncommon trap: trap_request=0xffffff4d fr.pc=0x0000020fd27e3890 relative=0x0000000000000090
Event: 524.269 Thread 0x000002102c0b5c00 Uncommon trap: reason=unstable_if action=reinterpret pc=0x0000020fd27e3890 method=java.awt.EventQueue.getPriority(Ljava/awt/AWTEvent;)I @ 22 c2
Event: 524.269 Thread 0x000002102c0b5c00 DEOPT PACKING pc=0x0000020fd27e3890 sp=0x000000798f9ff3c0
Event: 524.269 Thread 0x000002102c0b5c00 DEOPT UNPACKING pc=0x0000020fd2135002 sp=0x000000798f9ff350 mode 2
Event: 524.724 Thread 0x0000020fe68a4c10 Uncommon trap: trap_request=0xffffff4d fr.pc=0x0000020fd29dbdf8 relative=0x0000000000000518
Event: 524.724 Thread 0x0000020fe68a4c10 Uncommon trap: reason=unstable_if action=reinterpret pc=0x0000020fd29dbdf8 method=java.lang.ref.ReferenceQueue.poll0()Ljava/lang/ref/Reference; @ 54 c2
Event: 524.724 Thread 0x0000020fe68a4c10 DEOPT PACKING pc=0x0000020fd29dbdf8 sp=0x000000798e9ff180
Event: 524.724 Thread 0x0000020fe68a4c10 DEOPT UNPACKING pc=0x0000020fd2135002 sp=0x000000798e9ff068 mode 2
Event: 525.035 Thread 0x0000020fe68c7300 Uncommon trap: trap_request=0xffffff4d fr.pc=0x0000020fd28d6df8 relative=0x00000000000011d8
Event: 525.035 Thread 0x0000020fe68c7300 Uncommon trap: reason=unstable_if action=reinterpret pc=0x0000020fd28d6df8 method=javax.swing.JComponent.paintImmediately(IIII)V @ 7 c2
Event: 525.035 Thread 0x0000020fe68c7300 DEOPT PACKING pc=0x0000020fd28d6df8 sp=0x000000798f7ff330
Event: 525.035 Thread 0x0000020fe68c7300 DEOPT UNPACKING pc=0x0000020fd2135002 sp=0x000000798f7ff208 mode 2
Event: 525.040 Thread 0x0000020fe68c7300 Uncommon trap: trap_request=0xffffff4d fr.pc=0x0000020fd28c8cd4 relative=0x00000000000002f4
Event: 525.040 Thread 0x0000020fe68c7300 Uncommon trap: reason=unstable_if action=reinterpret pc=0x0000020fd28c8cd4 method=javax.swing.JComponent.paintImmediately(IIII)V @ 7 c2
Event: 525.040 Thread 0x0000020fe68c7300 DEOPT PACKING pc=0x0000020fd28c8cd4 sp=0x000000798f7ff270
Event: 525.040 Thread 0x0000020fe68c7300 DEOPT UNPACKING pc=0x0000020fd2135002 sp=0x000000798f7ff200 mode 2
Event: 629.275 Thread 0x000002102c0b5c00 DEOPT PACKING pc=0x0000020fcb3e1df5 sp=0x000000798f9ff5a0
Event: 629.275 Thread 0x000002102c0b5c00 DEOPT UNPACKING pc=0x0000020fd2066642 sp=0x000000798f9feb70 mode 0

Classes loaded (20 events):
Event: 51.290 Loading class sun/awt/ModalExclude done
Event: 51.290 Loading class javax/swing/JWindow
Event: 51.290 Loading class javax/swing/JWindow done
Event: 51.290 Loading class javax/swing/Popup$HeavyWeightWindow done
Event: 71.261 Loading class javax/swing/MenuSelectionManager
Event: 71.261 Loading class javax/swing/MenuSelectionManager done
Event: 450.449 Loading class javax/swing/Autoscroller
Event: 450.449 Loading class javax/swing/Autoscroller done
Event: 460.719 Loading class java/awt/KeyboardFocusManager$2
Event: 460.719 Loading class java/awt/KeyboardFocusManager$2 done
Event: 471.229 Loading class java/nio/file/FileChannelLinesSpliterator$1
Event: 471.229 Loading class java/nio/file/FileChannelLinesSpliterator$1 done
Event: 471.232 Loading class javax/swing/filechooser/FileFilter
Event: 471.232 Loading class javax/swing/filechooser/FileFilter done
Event: 471.232 Loading class javax/swing/filechooser/FileNameExtensionFilter
Event: 471.232 Loading class javax/swing/filechooser/FileNameExtensionFilter done
Event: 522.700 Loading class java/awt/Window$1DisposeAction
Event: 522.700 Loading class java/awt/Window$1DisposeAction done
Event: 522.700 Loading class sun/awt/SunToolkit$1
Event: 522.701 Loading class sun/awt/SunToolkit$1 done

Classes unloaded (0 events):
No events

Classes redefined (0 events):
No events

Internal exceptions (20 events):
Event: 10.249 Thread 0x0000020fe68c7300 Exception <a 'java/lang/NoSuchMethodError'{0x000000061b34e6b8}: 'int java.lang.invoke.DirectMethodHandle$Holder.invokeSpecial(java.lang.Object, java.lang.Object, java.lang.Object, int, java.lang.Object)'> (0x000000061b34e6b8) 
thrown [s\open\src\hotspot\share\interpreter\linkResolver.cpp, line 805]
Event: 10.249 Thread 0x0000020fe68c7300 Exception <a 'java/lang/NoSuchMethodError'{0x000000061b352aa8}: 'int java.lang.invoke.DelegatingMethodHandle$Holder.reinvoke_L(java.lang.Object, java.lang.Object, int, java.lang.Object)'> (0x000000061b352aa8) 
thrown [s\open\src\hotspot\share\interpreter\linkResolver.cpp, line 805]
Event: 10.251 Thread 0x0000020fe68c7300 Exception <a 'java/lang/NoSuchMethodError'{0x000000061b381eb0}: 'int java.lang.invoke.DelegatingMethodHandle$Holder.reinvoke_L(java.lang.Object, java.lang.Object, int, long)'> (0x000000061b381eb0) 
thrown [s\open\src\hotspot\share\interpreter\linkResolver.cpp, line 805]
Event: 10.252 Thread 0x0000020fe68c7300 Exception <a 'java/lang/NoSuchMethodError'{0x000000061b3924f8}: 'int java.lang.invoke.DirectMethodHandle$Holder.invokeSpecial(java.lang.Object, java.lang.Object, int, long)'> (0x000000061b3924f8) 
thrown [s\open\src\hotspot\share\interpreter\linkResolver.cpp, line 805]
Event: 10.252 Thread 0x0000020fe68c7300 Exception <a 'java/lang/NoSuchMethodError'{0x000000061b39a7a8}: 'int java.lang.invoke.Invokers$Holder.exactInvoker(java.lang.Object, java.lang.Object, int, long)'> (0x000000061b39a7a8) 
thrown [s\open\src\hotspot\share\interpreter\linkResolver.cpp, line 805]
Event: 10.252 Thread 0x0000020fe68c7300 Exception <a 'java/lang/NoSuchMethodError'{0x000000061b3a31a0}: 'int java.lang.invoke.DelegatingMethodHandle$Holder.delegate(java.lang.Object, java.lang.Object, int, long)'> (0x000000061b3a31a0) 
thrown [s\open\src\hotspot\share\interpreter\linkResolver.cpp, line 805]
Event: 10.253 Thread 0x0000020fe68c7300 Exception <a 'java/lang/NoSuchMethodError'{0x000000061b3b4d88}: 'long java.lang.invoke.DirectMethodHandle$Holder.invokeSpecial(java.lang.Object, java.lang.Object, long, long)'> (0x000000061b3b4d88) 
thrown [s\open\src\hotspot\share\interpreter\linkResolver.cpp, line 805]
Event: 10.259 Thread 0x0000020fe68c7300 Exception <a 'java/lang/NoSuchMethodError'{0x000000061b3efdc0}: 'void java.lang.invoke.DirectMethodHandle$Holder.invokeSpecial(java.lang.Object, java.lang.Object, float, java.lang.Object, java.lang.Object, java.lang.Object, int, int, int, int, int, float, float, int, int, java.lang.Object, java.lang.Object)'> (0x000000061b3efdc0) 
thrown [s\open\src\hotspot\share\interpreter\linkResolver.cpp, line 805]
Event: 10.260 Thread 0x0000020fe68c7300 Exception <a 'java/lang/NoSuchMethodError'{0x000000061ac11e38}: 'int java.lang.invoke.DirectMethodHandle$Holder.invokeSpecial(java.lang.Object, java.lang.Object, int, java.lang.Object)'> (0x000000061ac11e38) 
thrown [s\open\src\hotspot\share\interpreter\linkResolver.cpp, line 805]
Event: 10.260 Thread 0x0000020fe68c7300 Exception <a 'java/lang/NoSuchMethodError'{0x000000061ac21ed0}: 'java.lang.Object java.lang.invoke.Invokers$Holder.invokeExact_MT(java.lang.Object, long, java.lang.Object)'> (0x000000061ac21ed0) 
thrown [s\open\src\hotspot\share\interpreter\linkResolver.cpp, line 805]
Event: 10.263 Thread 0x0000020fe68c7300 Exception <a 'java/lang/NoSuchMethodError'{0x000000061ac5e000}: 'void java.lang.invoke.DelegatingMethodHandle$Holder.reinvoke_L(java.lang.Object, java.lang.Object, java.lang.Object, java.lang.Object, long, long, long)'> (0x000000061ac5e000) 
thrown [s\open\src\hotspot\share\interpreter\linkResolver.cpp, line 805]
Event: 10.268 Thread 0x0000020fe68c7300 Exception <a 'java/lang/NoSuchMethodError'{0x000000061acb98b0}: 'void java.lang.invoke.DelegatingMethodHandle$Holder.reinvoke_L(java.lang.Object, java.lang.Object, java.lang.Object, java.lang.Object, long, long, int)'> (0x000000061acb98b0) 
thrown [s\open\src\hotspot\share\interpreter\linkResolver.cpp, line 805]
Event: 10.269 Thread 0x0000020fe68c7300 Exception <a 'java/lang/NoSuchMethodError'{0x000000061acdac88}: 'int java.lang.invoke.Invokers$Holder.invokeExact_MT(java.lang.Object, java.lang.Object, java.lang.Object, int, java.lang.Object, java.lang.Object)'> (0x000000061acdac88) 
thrown [s\open\src\hotspot\share\interpreter\linkResolver.cpp, line 805]
Event: 10.270 Thread 0x0000020fe68c7300 Implicit null exception at 0x0000020fd2660b71 to 0x0000020fd2660c30
Event: 10.274 Thread 0x0000020fe68c7300 Exception <a 'java/lang/NoSuchMethodError'{0x000000061ad051f0}: 'java.lang.Object java.lang.invoke.DirectMethodHandle$Holder.invokeStatic(java.lang.Object, java.lang.Object, java.lang.Object, java.lang.Object, java.lang.Object, long, java.lang.Object)'> (0x000000061ad051f0) 
thrown [s\open\src\hotspot\share\interpreter\linkResolver.cpp, line 805]
Event: 10.282 Thread 0x0000020fe68c7300 Implicit null exception at 0x0000020fd26d7321 to 0x0000020fd26d8818
Event: 18.546 Thread 0x0000020fe68c7300 Exception <a 'java/lang/NoSuchMethodError'{0x000000061f0b7808}: 'int java.lang.invoke.DirectMethodHandle$Holder.invokeStatic(java.lang.Object, java.lang.Object, java.lang.Object, java.lang.Object)'> (0x000000061f0b7808) 
thrown [s\open\src\hotspot\share\interpreter\linkResolver.cpp, line 805]
Event: 18.588 Thread 0x0000020fe68c7300 Exception <a 'java/lang/NoSuchMethodError'{0x000000061f20ab08}: 'java.lang.Object java.lang.invoke.Invokers$Holder.linkToTargetMethod(java.lang.Object, int, java.lang.Object, java.lang.Object)'> (0x000000061f20ab08) 
thrown [s\open\src\hotspot\share\interpreter\linkResolver.cpp, line 805]
Event: 18.590 Thread 0x0000020fe68c7300 Exception <a 'java/lang/NoSuchMethodError'{0x000000061f243330}: 'java.lang.Object java.lang.invoke.DelegatingMethodHandle$Holder.reinvoke_L(java.lang.Object, java.lang.Object, int, int, java.lang.Object)'> (0x000000061f243330) 
thrown [s\open\src\hotspot\share\interpreter\linkResolver.cpp, line 805]
Event: 18.625 Thread 0x0000020fe68c7300 Implicit null exception at 0x0000020fd2761a54 to 0x0000020fd2765298

VM Operations (20 events):
Event: 666.021 Executing VM operation: G1CollectForAllocation (G1 Evacuation Pause)
Event: 666.023 Executing VM operation: G1CollectForAllocation (G1 Evacuation Pause) done
Event: 669.315 Executing VM operation: G1CollectForAllocation (G1 Evacuation Pause)
Event: 669.317 Executing VM operation: G1CollectForAllocation (G1 Evacuation Pause) done
Event: 672.627 Executing VM operation: G1CollectForAllocation (G1 Evacuation Pause)
Event: 672.628 Executing VM operation: G1CollectForAllocation (G1 Evacuation Pause) done
Event: 675.951 Executing VM operation: G1CollectForAllocation (G1 Evacuation Pause)
Event: 675.952 Executing VM operation: G1CollectForAllocation (G1 Evacuation Pause) done
Event: 679.311 Executing VM operation: G1CollectForAllocation (G1 Evacuation Pause)
Event: 679.312 Executing VM operation: G1CollectForAllocation (G1 Evacuation Pause) done
Event: 682.641 Executing VM operation: G1CollectForAllocation (G1 Evacuation Pause)
Event: 682.644 Executing VM operation: G1CollectForAllocation (G1 Evacuation Pause) done
Event: 1271.881 Executing VM operation: HandshakeAllThreads (HandshakeForDeflation)
Event: 1271.881 Executing VM operation: HandshakeAllThreads (HandshakeForDeflation) done
Event: 1271.881 Executing VM operation: RendezvousGCThreads
Event: 1271.881 Executing VM operation: RendezvousGCThreads done
Event: 1274.890 Executing VM operation: G1CollectForAllocation (G1 Evacuation Pause)
Event: 1274.891 Executing VM operation: G1CollectForAllocation (G1 Evacuation Pause) done
Event: 1278.660 Executing VM operation: G1CollectForAllocation (G1 Evacuation Pause)
Event: 1278.661 Executing VM operation: G1CollectForAllocation (G1 Evacuation Pause) done

Memory protections (0 events):
No events

Nmethod flushes (0 events):
No events

Events (20 events):
Event: 0.310 Thread 0x0000020fbfed92c0 Thread exited: 0x0000020fbfed92c0
Event: 0.310 Thread 0x000002102c0b6aa0 Thread added: 0x000002102c0b6aa0
Event: 0.521 Thread 0x0000020fe68cc5c0 Thread added: 0x000002102c5c5f70
Event: 0.601 Thread 0x0000020fe68c7300 Thread added: 0x000002102c0b5c00
Event: 0.705 Thread 0x0000020fe68c7300 Thread added: 0x000002102c0b6350
Event: 0.709 Thread 0x0000020fe68a6f40 Thread added: 0x000002102c0b87e0
Event: 0.728 Thread 0x000002102c0b87e0 Thread added: 0x000002102c0ba520
Event: 0.751 Thread 0x000002102c0ba520 Thread added: 0x000002102c0b7940
Event: 0.759 Thread 0x000002102c0ba520 Thread added: 0x000002102c0b8f30
Event: 2.275 Thread 0x000002102c5c5f70 Thread exited: 0x000002102c5c5f70
Event: 2.804 Thread 0x0000020fe6a76220 Thread exited: 0x0000020fe6a76220
Event: 3.244 Thread 0x0000020fe68cc5c0 Thread added: 0x000002102e17e7b0
Event: 3.544 Thread 0x000002102e17e7b0 Thread exited: 0x000002102e17e7b0
Event: 5.708 Thread 0x000002102c0b6350 Thread exited: 0x000002102c0b6350
Event: 10.180 Thread 0x0000020fe68cc5c0 Thread added: 0x000002102cc088d0
Event: 10.284 Thread 0x0000020fe68cc5c0 Thread added: 0x0000020fe69d3010
Event: 11.060 Thread 0x0000020fe69d3010 Thread exited: 0x0000020fe69d3010
Event: 11.157 Thread 0x000002102cc088d0 Thread exited: 0x000002102cc088d0
Event: 21.462 Thread 0x0000020fe68cc5c0 Thread added: 0x000002102c7a4a40
Event: 21.902 Thread 0x000002102c7a4a40 Thread exited: 0x000002102c7a4a40


Dynamic libraries:
0x00007ff76cc40000 - 0x00007ff76cc4e000 	C:\Users\Victo\.jdks\openjdk-24.0.1\bin\java.exe
0x00007ffef8c60000 - 0x00007ffef8ec5000 	C:\WINDOWS\SYSTEM32\ntdll.dll
0x00007ffef8030000 - 0x00007ffef80f9000 	C:\WINDOWS\System32\KERNEL32.DLL
0x00007ffef6280000 - 0x00007ffef6668000 	C:\WINDOWS\System32\KERNELBASE.dll
0x00007ffef6670000 - 0x00007ffef67bb000 	C:\WINDOWS\System32\ucrtbase.dll
0x00007ffeed870000 - 0x00007ffeed886000 	C:\Users\Victo\.jdks\openjdk-24.0.1\bin\jli.dll
0x00007ffeed850000 - 0x00007ffeed86b000 	C:\Users\Victo\.jdks\openjdk-24.0.1\bin\VCRUNTIME140.dll
0x00007ffef6c60000 - 0x00007ffef6e2a000 	C:\WINDOWS\System32\USER32.dll
0x00007ffef6850000 - 0x00007ffef6877000 	C:\WINDOWS\System32\win32u.dll
0x00007ffec3fa0000 - 0x00007ffec423a000 	C:\WINDOWS\WinSxS\amd64_microsoft.windows.common-controls_6595b64144ccf1df_6.0.26100.4202_none_3e0698d4e335f517\COMCTL32.dll
0x00007ffef8100000 - 0x00007ffef812b000 	C:\WINDOWS\System32\GDI32.dll
0x00007ffef7300000 - 0x00007ffef73a9000 	C:\WINDOWS\System32\msvcrt.dll
0x00007ffef6140000 - 0x00007ffef6277000 	C:\WINDOWS\System32\gdi32full.dll
0x00007ffef5e70000 - 0x00007ffef5f13000 	C:\WINDOWS\System32\msvcp_win.dll
0x00007ffef7690000 - 0x00007ffef76c0000 	C:\WINDOWS\System32\IMM32.DLL
0x00007ffeefef0000 - 0x00007ffeefefc000 	C:\Users\Victo\.jdks\openjdk-24.0.1\bin\vcruntime140_1.dll
0x00007ffeed7c0000 - 0x00007ffeed84e000 	C:\Users\Victo\.jdks\openjdk-24.0.1\bin\msvcp140.dll
0x00007ffe404c0000 - 0x00007ffe41262000 	C:\Users\Victo\.jdks\openjdk-24.0.1\bin\server\jvm.dll
0x00007ffef7450000 - 0x00007ffef7503000 	C:\WINDOWS\System32\ADVAPI32.dll
0x00007ffef6f60000 - 0x00007ffef7006000 	C:\WINDOWS\System32\sechost.dll
0x00007ffef6e30000 - 0x00007ffef6f45000 	C:\WINDOWS\System32\RPCRT4.dll
0x00007ffef7010000 - 0x00007ffef7084000 	C:\WINDOWS\System32\WS2_32.dll
0x00007ffef4990000 - 0x00007ffef49ee000 	C:\WINDOWS\SYSTEM32\POWRPROF.dll
0x00007ffee1d80000 - 0x00007ffee1d8b000 	C:\WINDOWS\SYSTEM32\VERSION.dll
0x00007ffee7d60000 - 0x00007ffee7d95000 	C:\WINDOWS\SYSTEM32\WINMM.dll
0x00007ffef4970000 - 0x00007ffef4984000 	C:\WINDOWS\SYSTEM32\UMPDC.dll
0x00007ffef4c50000 - 0x00007ffef4c6b000 	C:\WINDOWS\SYSTEM32\kernel.appcore.dll
0x00007ffeed8b0000 - 0x00007ffeed8ba000 	C:\Users\Victo\.jdks\openjdk-24.0.1\bin\jimage.dll
0x00007ffef35a0000 - 0x00007ffef37e1000 	C:\WINDOWS\SYSTEM32\DBGHELP.DLL
0x00007ffef86c0000 - 0x00007ffef8a45000 	C:\WINDOWS\System32\combase.dll
0x00007ffef7f40000 - 0x00007ffef8021000 	C:\WINDOWS\System32\OLEAUT32.dll
0x00007ffedbd30000 - 0x00007ffedbd69000 	C:\WINDOWS\SYSTEM32\dbgcore.DLL
0x00007ffef60a0000 - 0x00007ffef6139000 	C:\WINDOWS\System32\bcryptPrimitives.dll
0x00007ffeecd60000 - 0x00007ffeecd6f000 	C:\Users\Victo\.jdks\openjdk-24.0.1\bin\instrument.dll
0x00007ffeed7a0000 - 0x00007ffeed7be000 	C:\Users\Victo\.jdks\openjdk-24.0.1\bin\java.dll
0x00007ffef7150000 - 0x00007ffef72ee000 	C:\WINDOWS\System32\ole32.dll
0x00007ffef77f0000 - 0x00007ffef7f32000 	C:\WINDOWS\System32\SHELL32.dll
0x00007ffef6880000 - 0x00007ffef69f4000 	C:\WINDOWS\System32\wintypes.dll
0x00007ffef39f0000 - 0x00007ffef4248000 	C:\WINDOWS\SYSTEM32\windows.storage.dll
0x00007ffef8130000 - 0x00007ffef8221000 	C:\WINDOWS\System32\SHCORE.dll
0x00007ffef76d0000 - 0x00007ffef773a000 	C:\WINDOWS\System32\shlwapi.dll
0x00007ffef5cc0000 - 0x00007ffef5cef000 	C:\WINDOWS\SYSTEM32\profapi.dll
0x00007ffeea860000 - 0x00007ffeea937000 	C:\Users\Victo\.jdks\openjdk-24.0.1\bin\jsvml.dll
0x00007ffeeb1d0000 - 0x00007ffeeb1e7000 	C:\Users\Victo\.jdks\openjdk-24.0.1\bin\zip.dll
0x00007ffeed790000 - 0x00007ffeed7a0000 	C:\Users\Victo\.jdks\openjdk-24.0.1\bin\net.dll
0x00007ffef51a0000 - 0x00007ffef520a000 	C:\WINDOWS\system32\mswsock.dll
0x00007ffeeb200000 - 0x00007ffeeb216000 	C:\Users\Victo\.jdks\openjdk-24.0.1\bin\nio.dll
0x00007ffeea840000 - 0x00007ffeea85a000 	C:\Program Files\JetBrains\IntelliJ IDEA 2024.3.2.1\bin\breakgen64.dll
0x00007ffeea830000 - 0x00007ffeea839000 	C:\Users\Victo\.jdks\openjdk-24.0.1\bin\extnet.dll
0x00007ffe401f0000 - 0x00007ffe4036e000 	C:\Users\Victo\.jdks\openjdk-24.0.1\bin\awt.dll
0x00007ffeeffa0000 - 0x00007ffef003e000 	C:\WINDOWS\SYSTEM32\apphelp.dll
0x00007ffef4660000 - 0x00007ffef4787000 	C:\WINDOWS\SYSTEM32\DNSAPI.dll
0x00007ffef45d0000 - 0x00007ffef4603000 	C:\WINDOWS\SYSTEM32\IPHLPAPI.DLL
0x00007ffef6f50000 - 0x00007ffef6f5a000 	C:\WINDOWS\System32\NSI.dll
0x00007ffeeb890000 - 0x00007ffeeb89b000 	C:\Windows\System32\rasadhlp.dll
0x00007ffeecb30000 - 0x00007ffeecbb6000 	C:\WINDOWS\System32\fwpuclnt.dll
0x00007ffef0100000 - 0x00007ffef01af000 	C:\WINDOWS\system32\uxtheme.dll
0x00007ffef7510000 - 0x00007ffef7670000 	C:\WINDOWS\System32\MSCTF.dll
0x00007ffeea820000 - 0x00007ffeea82a000 	C:\Users\Victo\.jdks\openjdk-24.0.1\bin\management.dll
0x00007ffeea810000 - 0x00007ffeea81b000 	C:\Users\Victo\.jdks\openjdk-24.0.1\bin\management_ext.dll
0x00007ffef8b10000 - 0x00007ffef8b18000 	C:\WINDOWS\System32\PSAPI.DLL
0x00007ffef0480000 - 0x00007ffef04b6000 	C:\WINDOWS\system32\DWMAPI.DLL
0x00007ffec2d70000 - 0x00007ffec2e84000 	C:\WINDOWS\system32\opengl32.dll
0x00007ffec4db0000 - 0x00007ffec4ddd000 	C:\WINDOWS\SYSTEM32\GLU32.dll
0x00007ffef2fd0000 - 0x00007ffef301d000 	C:\WINDOWS\SYSTEM32\dxcore.dll
0x00007ffeda300000 - 0x00007ffeda387000 	C:\Users\Victo\.jdks\openjdk-24.0.1\bin\freetype.dll
0x00007ffe40110000 - 0x00007ffe401e7000 	C:\Users\Victo\.jdks\openjdk-24.0.1\bin\fontmanager.dll
0x00007ffef5580000 - 0x00007ffef559b000 	C:\WINDOWS\SYSTEM32\CRYPTSP.dll
0x00007ffef4bb0000 - 0x00007ffef4bea000 	C:\WINDOWS\system32\rsaenh.dll
0x00007ffef5240000 - 0x00007ffef526b000 	C:\WINDOWS\SYSTEM32\USERENV.dll
0x00007ffef5c90000 - 0x00007ffef5cb6000 	C:\WINDOWS\SYSTEM32\bcrypt.dll
0x00007ffef53e0000 - 0x00007ffef53ec000 	C:\WINDOWS\SYSTEM32\CRYPTBASE.dll
0x00007ffe90170000 - 0x00007ffe90188000 	C:\WINDOWS\system32\napinsp.dll
0x00007ffe90150000 - 0x00007ffe90162000 	C:\WINDOWS\System32\winrnr.dll
0x00007ffe900f0000 - 0x00007ffe90120000 	C:\WINDOWS\system32\nlansp_c.dll
0x00007ffeeae00000 - 0x00007ffeeae20000 	C:\WINDOWS\system32\wshbth.dll
0x00007ffebd9b0000 - 0x00007ffebda64000 	C:\WINDOWS\WinSxS\amd64_microsoft.windows.common-controls_6595b64144ccf1df_5.82.26100.4202_none_87ee01077a2d9116\comctl32.dll
0x00007ffeb1820000 - 0x00007ffeb186e000 	C:\WINDOWS\SYSTEM32\pdh.dll
0x00007ffef7740000 - 0x00007ffef77e8000 	C:\WINDOWS\System32\clbcatq.dll
0x00007ffeee300000 - 0x00007ffeee539000 	C:\WINDOWS\SYSTEM32\WindowsCodecs.dll
0x00007ffebb240000 - 0x00007ffebb29a000 	C:\WINDOWS\system32\dataexchange.dll
0x00007ffee2e60000 - 0x00007ffee309a000 	C:\WINDOWS\system32\twinapi.appcore.dll
0x00007ffee9b30000 - 0x00007ffee9c80000 	C:\WINDOWS\SYSTEM32\textinputframework.dll
0x00007ffedf340000 - 0x00007ffedf3bd000 	C:\WINDOWS\system32\Oleacc.dll
0x00007ffeb7cb0000 - 0x00007ffeb7d0e000 	C:\WINDOWS\system32\ApplicationTargetedFeatureDatabase.dll
0x00007ffeefba0000 - 0x00007ffeefcc5000 	C:\WINDOWS\SYSTEM32\CoreMessaging.dll
0x00007ffeea980000 - 0x00007ffeeac63000 	C:\WINDOWS\SYSTEM32\CoreUIComponents.dll
0x00007ffeea7e0000 - 0x00007ffeea7f2000 	C:\WINDOWS\System32\perfproc.dll
0x00007ffeea7d0000 - 0x00007ffeea7d9000 	C:\Users\Victo\.jdks\openjdk-24.0.1\bin\syslookup.dll

JVMTI agents:
C:\Program Files\JetBrains\IntelliJ IDEA 2024.3.2.1\lib\idea_rt.jar path:C:\Users\Victo\.jdks\openjdk-24.0.1\bin\instrument.dll, loaded, initialized, instrumentlib options:60606:C:\Program Files\JetBrains\IntelliJ IDEA 2024.3.2.1\bin

dbghelp: loaded successfully - version: 4.0.5 - missing functions: none
symbol engine: initialized successfully - sym options: 0x614 - pdb path: .;C:\Users\Victo\.jdks\openjdk-24.0.1\bin;C:\WINDOWS\SYSTEM32;C:\WINDOWS\WinSxS\amd64_microsoft.windows.common-controls_6595b64144ccf1df_6.0.26100.4202_none_3e0698d4e335f517;C:\Users\Victo\.jdks\openjdk-24.0.1\bin\server;C:\Program Files\JetBrains\IntelliJ IDEA 2024.3.2.1\bin;C:\WINDOWS\WinSxS\amd64_microsoft.windows.common-controls_6595b64144ccf1df_5.82.26100.4202_none_87ee01077a2d9116

VM Arguments:
jvm_args: -javaagent:C:\Program Files\JetBrains\IntelliJ IDEA 2024.3.2.1\lib\idea_rt.jar=60606:C:\Program Files\JetBrains\IntelliJ IDEA 2024.3.2.1\bin -Dfile.encoding=UTF-8 -Dsun.stdout.encoding=UTF-8 -Dsun.stderr.encoding=UTF-8 
java_command: org.main.Gui
java_class_path (initial): C:\Users\Victo\OneDrive\Documents\- UNITEC\Ing. Sistemas\2025 - Periodo 1\Compiladores 1\Proyect 2\Proyecto2Compi1_MiniPascalCompiler\PascalCompiler\target\classes;C:\Users\Victo\.m2\repository\org\antlr\antlr4\4.13.2\antlr4-4.13.2.jar;C:\Users\Victo\.m2\repository\org\antlr\antlr4-runtime\4.13.2\antlr4-runtime-4.13.2.jar;C:\Users\Victo\.m2\repository\org\antlr\antlr-runtime\3.5.3\antlr-runtime-3.5.3.jar;C:\Users\Victo\.m2\repository\org\antlr\ST4\4.3.4\ST4-4.3.4.jar;C:\Users\Victo\.m2\repository\org\abego\treelayout\org.abego.treelayout.core\1.0.3\org.abego.treelayout.core-1.0.3.jar;C:\Users\Victo\.m2\repository\com\ibm\icu\icu4j\72.1\icu4j-72.1.jar
Launcher Type: SUN_STANDARD

[Global flags]
     intx CICompilerCount                          = 4                                         {product} {ergonomic}
     uint ConcGCThreads                            = 2                                         {product} {ergonomic}
     uint G1ConcRefinementThreads                  = 8                                         {product} {ergonomic}
   size_t G1HeapRegionSize                         = 4194304                                   {product} {ergonomic}
   size_t InitialHeapSize                          = 532676608                                 {product} {ergonomic}
   size_t MarkStackSize                            = 4194304                                   {product} {ergonomic}
   size_t MarkStackSizeMax                         = 536870912                                 {product} {ergonomic}
   size_t MaxHeapSize                              = 8493465600                                {product} {ergonomic}
   size_t MaxNewSize                               = 5096079360                                {product} {ergonomic}
   size_t MinHeapDeltaBytes                        = 4194304                                   {product} {ergonomic}
   size_t MinHeapSize                              = 8388608                                   {product} {ergonomic}
    uintx NonNMethodCodeHeapSize                   = 5832704                                {pd product} {ergonomic}
    uintx NonProfiledCodeHeapSize                  = 122945536                              {pd product} {ergonomic}
    uintx ProfiledCodeHeapSize                     = 122880000                              {pd product} {ergonomic}
    uintx ReservedCodeCacheSize                    = 251658240                              {pd product} {ergonomic}
     bool SegmentedCodeCache                       = true                                      {product} {ergonomic}
   size_t SoftMaxHeapSize                          = 8493465600                             {manageable} {ergonomic}
     bool UseCompressedOops                        = true                           {product lp64_product} {ergonomic}
     bool UseG1GC                                  = true                                      {product} {ergonomic}
     bool UseLargePagesIndividualAllocation        = false                                  {pd product} {ergonomic}

Logging:
Log output configuration:
 #0: stdout all=warning uptime,level,tags foldmultilines=false
 #1: stderr all=off uptime,level,tags foldmultilines=false

Environment Variables:
PATH=C:\Python312\Scripts\;C:\Python312\;C:\Program Files\Common Files\Oracle\Java\javapath;C:\WINDOWS\system32;C:\WINDOWS;C:\WINDOWS\System32\Wbem;C:\WINDOWS\System32\WindowsPowerShell\v1.0\;C:\WINDOWS\System32\OpenSSH\;C:\Program Files\Git\cmd;C:\Program Files\nodejs\;C:\ProgramData\chocolatey\bin;C:\Program Files (x86)\Microsoft SQL Server\160\Tools\Binn\;C:\Program Files\Microsoft SQL Server\160\Tools\Binn\;C:\Program Files\Microsoft SQL Server\Client SDK\ODBC\170\Tools\Binn\;C:\Program Files\Microsoft SQL Server\160\DTS\Binn\;C:\Program Files (x86)\Microsoft SQL Server\160\DTS\Binn\;C:\Program Files\MATLAB\R2024a\runtime\win64;C:\Program Files\MATLAB\R2024a\bin;C:\Program Files\dotnet\;C:\Program Files\CMake\bin;C:\Program Files (x86)\Windows Kits\10\Windows Performance Toolkit\;C:\Program Files\PuTTY\;C:\Users\Victo\AppData\Local\Android\Sdk\tools;C:\Users\Victo\AppData\Local\Microsoft\WindowsApps;C:\Users\Victo\AppData\Local\Programs\Microsoft VS Code\bin;C:\Users\Victo\AppData\Roaming\npm;C:\Users\Victo\AppData\Local\Android\Sdk;C:\Users\Victo\AppData\Local\Android\Sdk\platform-tools;C:\Program Files\Java\jdk-19\bin;C:\Victor\Mingw\mingw64\bin;C:\Program Files\JetBrains\IntelliJ IDEA 2024.3.2.1\bin;;C:\Program Files\CMake\bin;
USERNAME=Victo
OS=Windows_NT
PROCESSOR_IDENTIFIER=Intel64 Family 6 Model 140 Stepping 1, GenuineIntel
TMP=C:\Users\Victo\AppData\Local\Temp
TEMP=C:\Users\Victo\AppData\Local\Temp




Periodic native trim disabled

---------------  S Y S T E M  ---------------

OS:
 Windows 11 , 64 bit Build 26100 (10.0.26100.4202)
OS uptime: 1 days 3:19 hours
Hyper-V role detected

CPU: total 8 (initial active 8) (4 cores per cpu, 2 threads per core) family 6 model 140 stepping 1 microcode 0xac, cx8, cmov, fxsr, ht, mmx, 3dnowpref, sse, sse2, sse3, ssse3, sse4.1, sse4.2, popcnt, lzcnt, tsc, tscinvbit, avx, avx2, aes, erms, clmul, bmi1, bmi2, adx, avx512f, avx512dq, avx512cd, avx512bw, avx512vl, sha, fma, vzeroupper, avx512_vpopcntdq, avx512_vpclmulqdq, avx512_vaes, avx512_vnni, clflush, clflushopt, clwb, avx512_vbmi2, avx512_vbmi, hv, rdtscp, rdpid, fsrm, gfni, avx512_bitalg, f16c, cet_ibt, cet_ss, avx512_ifma
Processor Information for the first 8 processors :
  Max Mhz: 2803, Current Mhz: 2803, Mhz Limit: 2803

Memory: 4k page, system-wide physical 32398M (11327M free)
TotalPageFile size 34446M (AvailPageFile size 9650M)
current process WorkingSet (physical memory assigned to process): 251M, peak: 478M
current process commit charge ("private bytes"): 253M, peak: 715M

vm_info: OpenJDK 64-Bit Server VM (24.0.1+9-30) for windows-amd64 JRE (24.0.1+9-30), built on 2025-03-05T07:23:45Z with MS VC++ 17.6 (VS2022)

END.
